[05-Oct-2018 02:38:45 UTC] PHP Fatal error:  Maximum execution time of 30 seconds exceeded in E:\php\htd\classes\controller.php on line 20
[05-Oct-2018 02:39:06 UTC] PHP Fatal error:  Maximum execution time of 30 seconds exceeded in E:\php\htd\classes\controller.php on line 20
[05-Oct-2018 02:39:14 UTC] PHP Fatal error:  Uncaught Exception: Command "volu5meUp" is invalid in E:\php\htd\api\control.php:24
Stack trace:
#0 {main}
  thrown in E:\php\htd\api\control.php on line 24
[05-Oct-2018 02:39:37 UTC] PHP Fatal error:  Uncaught Exception: Command {volumUp} is invalid in E:\php\htd\api\control.php:24
Stack trace:
#0 {main}
  thrown in E:\php\htd\api\control.php on line 24
[05-Oct-2018 02:41:14 UTC] PHP Fatal error:  Maximum execution time of 30 seconds exceeded in E:\php\htd\classes\controller.php on line 20
[05-Oct-2018 02:55:46 UTC] PHP Fatal error:  Maximum execution time of 30 seconds exceeded in E:\php\htd\api\control.php on line 24
[05-Oct-2018 02:57:00 UTC] PHP Fatal error:  Maximum execution time of 30 seconds exceeded in E:\php\htd\api\control.php on line 24
[05-Oct-2018 03:02:31 UTC] PHP Fatal error:  Uncaught Exception: Command {volumep} is invalid in E:\php\htd\api\control.php:45
Stack trace:
#0 {main}
  thrown in E:\php\htd\api\control.php on line 45
[05-Oct-2018 03:15:37 UTC] PHP Notice:  Undefined variable: zones in E:\php\htd\classes\controller.php on line 47
[05-Oct-2018 03:15:37 UTC] PHP Fatal error:  Uncaught Error: Call to a member function parseZoneState() on null in E:\php\htd\classes\controller.php:47
Stack trace:
#0 E:\php\htd\api\control.php(18): Controller->volumeUp('3')
#1 {main}
  thrown in E:\php\htd\classes\controller.php on line 47
[05-Oct-2018 03:16:34 UTC] PHP Fatal error:  Allowed memory size of 134217728 bytes exhausted (tried to allocate 20480 bytes) in E:\php\htd\classes\controller.php on line 9
[05-Oct-2018 03:17:14 UTC] PHP Fatal error:  Maximum execution time of 30 seconds exceeded in E:\php\htd\classes\controller.php on line 12
[05-Oct-2018 03:18:15 UTC] PHP Fatal error:  Maximum execution time of 30 seconds exceeded in E:\php\htd\classes\controller.php on line 12
[05-Oct-2018 03:18:25 UTC] PHP Fatal error:  Allowed memory size of 134217728 bytes exhausted (tried to allocate 262144 bytes) in E:\php\htd\classes\controller.php on line 9
[05-Oct-2018 03:18:53 UTC] PHP Fatal error:  Maximum execution time of 30 seconds exceeded in E:\php\htd\classes\controller.php on line 9
[05-Oct-2018 03:19:21 UTC] PHP Notice:  Undefined variable: newVolume in E:\php\htd\api\control.php on line 16
[05-Oct-2018 03:19:25 UTC] PHP Fatal error:  Maximum execution time of 30 seconds exceeded in E:\php\htd\classes\zones.php on line 10
[05-Oct-2018 03:19:41 UTC] PHP Fatal error:  Maximum execution time of 30 seconds exceeded in E:\php\htd\classes\controller.php on line 13
[05-Oct-2018 03:19:44 UTC] PHP Fatal error:  Allowed memory size of 134217728 bytes exhausted (tried to allocate 262144 bytes) in E:\php\htd\classes\controller.php on line 10
[05-Oct-2018 03:19:57 UTC] PHP Fatal error:  Maximum execution time of 30 seconds exceeded in E:\php\htd\classes\controller.php on line 10
[05-Oct-2018 03:20:19 UTC] PHP Notice:  Undefined variable: newVolume in E:\php\htd\api\control.php on line 16
[05-Oct-2018 03:20:47 UTC] PHP Notice:  Undefined variable: newVolume in E:\php\htd\api\control.php on line 16
[05-Oct-2018 03:21:05 UTC] PHP Fatal error:  Uncaught Error: Call to undefined function parseZoneState() in E:\php\htd\classes\controller.php:51
Stack trace:
#0 E:\php\htd\api\control.php(15): Controller->volumeUp('3')
#1 {main}
  thrown in E:\php\htd\classes\controller.php on line 51
[05-Oct-2018 03:21:40 UTC] PHP Fatal error:  Uncaught Error: Call to undefined method Controller::parseZoneState() in E:\php\htd\classes\controller.php:51
Stack trace:
#0 E:\php\htd\api\control.php(15): Controller->volumeUp('3')
#1 {main}
  thrown in E:\php\htd\classes\controller.php on line 51
[05-Oct-2018 03:22:57 UTC] PHP Notice:  Undefined property: Zones::$utilities in E:\php\htd\classes\zones.php on line 33
[05-Oct-2018 03:22:57 UTC] PHP Fatal error:  Uncaught Error: Call to a member function convertControllerVolumeToPercent() on null in E:\php\htd\classes\zones.php:33
Stack trace:
#0 E:\php\htd\classes\controller.php(37): Zones->parseZoneState('\x02\x00\x00\x06\x00?\x00\x00\x00\x00\x00\x00\x00G\x02...')
#1 E:\php\htd\api\control.php(15): Controller->volumeUp('3')
#2 {main}
  thrown in E:\php\htd\classes\zones.php on line 33
